
describe specifications
  when creating specifications
    true should be false - FAILED - Expected: False, But was: True
    enumerable should be empty
    enumerable should contain 1
    enumerable should not contain 1 - FAILED - Expected: collection containing 2, But was: < 1 >
    1 should be 2 - FAILED - Expected: 2, But was: 1
    1 should be 1
    1 should not be 1 - FAILED - Expected: not 1, But was: 1
    1 should not be 2
    "" should not be null
    spec should not be null - FAILED - Expected: not null, But was: null

**** FAILURES ****

describe specifications. when creating specifications. true should be false.
Expected: False, But was: True
   at NUnit.Framework.Assert.That(Object actual, IResolveConstraint expression, String message, Object[] args)
   at NUnit.Framework.Assert.IsFalse(Boolean condition)
   at NSpec.AssertionExtensions.should_be_false(Boolean actual) in c:\Users\Amir\NSpec\NSpec\AssertionExtensions.cs:line 32
   at describe_specifications.<when_creating_specifications>b__0() in c:\Users\Amir\NSpec\SampleSpecs\WebSite\describe_specifications.cs:line 7
   at NSpec.Domain.Example.Run(Context context) in c:\Users\Amir\NSpec\NSpec\Domain\Example.cs:line 38

describe specifications. when creating specifications. enumerable should not contain 1.
Expected: collection containing 2, But was: < 1 >
   at NUnit.Framework.Assert.That(Object actual, IResolveConstraint expression, String message, Object[] args)
   at NUnit.Framework.CollectionAssert.Contains(IEnumerable collection, Object actual, String message, Object[] args)
   at NUnit.Framework.CollectionAssert.Contains(IEnumerable collection, Object actual)
   at NSpec.AssertionExtensions.should_contain[T](IEnumerable`1 collection, T t) in c:\Users\Amir\NSpec\NSpec\AssertionExtensions.cs:line 82
   at describe_specifications.<when_creating_specifications>b__3() in c:\Users\Amir\NSpec\SampleSpecs\WebSite\describe_specifications.cs:line 10
   at NSpec.Domain.Example.Run(Context context) in c:\Users\Amir\NSpec\NSpec\Domain\Example.cs:line 38

describe specifications. when creating specifications. 1 should be 2.
Expected: 2, But was: 1
   at NUnit.Framework.Assert.That(Object actual, IResolveConstraint expression, String message, Object[] args)
   at NUnit.Framework.Assert.AreEqual(Object expected, Object actual)
   at NSpec.AssertionExtensions.should_be(Object actual, Object expected) in c:\Users\Amir\NSpec\NSpec\AssertionExtensions.cs:line 42
   at describe_specifications.<when_creating_specifications>b__4() in c:\Users\Amir\NSpec\SampleSpecs\WebSite\describe_specifications.cs:line 11
   at NSpec.Domain.Example.Run(Context context) in c:\Users\Amir\NSpec\NSpec\Domain\Example.cs:line 38

describe specifications. when creating specifications. 1 should not be 1.
Expected: not 1, But was: 1
   at NUnit.Framework.Assert.That(Object actual, IResolveConstraint expression, String message, Object[] args)
   at NUnit.Framework.Assert.AreNotEqual(Object expected, Object actual)
   at NSpec.AssertionExtensions.should_not_be(Object actual, Object expected) in c:\Users\Amir\NSpec\NSpec\AssertionExtensions.cs:line 47
   at describe_specifications.<when_creating_specifications>b__6() in c:\Users\Amir\NSpec\SampleSpecs\WebSite\describe_specifications.cs:line 13
   at NSpec.Domain.Example.Run(Context context) in c:\Users\Amir\NSpec\NSpec\Domain\Example.cs:line 38

describe specifications. when creating specifications. spec should not be null.
Expected: not null, But was: null
   at NUnit.Framework.Assert.That(Object actual, IResolveConstraint expression, String message, Object[] args)
   at NUnit.Framework.Assert.IsNotNull(Object anObject)
   at NSpec.AssertionExtensions.should_not_be_null(Object o) in c:\Users\Amir\NSpec\NSpec\AssertionExtensions.cs:line 12
   at describe_specifications.<when_creating_specifications>b__9() in c:\Users\Amir\NSpec\SampleSpecs\WebSite\describe_specifications.cs:line 16
   at NSpec.Domain.Example.Run(Context context) in c:\Users\Amir\NSpec\NSpec\Domain\Example.cs:line 38

10 Examples, 5 Failed, 0 Pending
(in C:/Users/Amir/NSpec)
